This is pdfTeX, Version 3.141592653-2.6-1.40.26 (TeX Live 2025/dev/Debian) (preloaded format=pdflatex 2025.5.20)  1 JUN 2025 21:10
entering extended mode
 restricted \write18 enabled.
 %&-line parsing enabled.
**report.tex
(./report.tex
LaTeX2e <2024-11-01> patch level 2
L3 programming layer <2025-01-18>
(/usr/share/texlive/texmf-dist/tex/latex/base/report.cls
Document Class: report 2024/06/29 v1.4n Standard LaTeX document class
(/usr/share/texlive/texmf-dist/tex/latex/base/size12.clo
File: size12.clo 2024/06/29 v1.4n Standard LaTeX file (size option)
)
\c@part=\count196
\c@chapter=\count197
\c@section=\count198
\c@subsection=\count199
\c@subsubsection=\count266
\c@paragraph=\count267
\c@subparagraph=\count268
\c@figure=\count269
\c@table=\count270
\abovecaptionskip=\skip49
\belowcaptionskip=\skip50
\bibindent=\dimen141
)
(/usr/share/texlive/texmf-dist/tex/latex/geometry/geometry.sty
Package: geometry 2020/01/02 v5.9 Page Geometry

(/usr/share/texlive/texmf-dist/tex/latex/graphics/keyval.sty
Package: keyval 2022/05/29 v1.15 key=value parser (DPC)
\KV@toks@=\toks17
)
(/usr/share/texlive/texmf-dist/tex/generic/iftex/ifvtex.sty
Package: ifvtex 2019/10/25 v1.7 ifvtex legacy package. Use iftex instead.

(/usr/share/texlive/texmf-dist/tex/generic/iftex/iftex.sty
Package: iftex 2024/12/12 v1.0g TeX engine tests
))
\Gm@cnth=\count271
\Gm@cntv=\count272
\c@Gm@tempcnt=\count273
\Gm@bindingoffset=\dimen142
\Gm@wd@mp=\dimen143
\Gm@odd@mp=\dimen144
\Gm@even@mp=\dimen145
\Gm@layoutwidth=\dimen146
\Gm@layoutheight=\dimen147
\Gm@layouthoffset=\dimen148
\Gm@layoutvoffset=\dimen149
\Gm@dimlist=\toks18
)
(/usr/share/texlive/texmf-dist/tex/latex/pgf/frontendlayer/tikz.sty
(/usr/share/texlive/texmf-dist/tex/latex/pgf/basiclayer/pgf.sty
(/usr/share/texlive/texmf-dist/tex/latex/pgf/utilities/pgfrcs.sty
(/usr/share/texlive/texmf-dist/tex/generic/pgf/utilities/pgfutil-common.tex
\pgfutil@everybye=\toks19
\pgfutil@tempdima=\dimen150
\pgfutil@tempdimb=\dimen151
)
(/usr/share/texlive/texmf-dist/tex/generic/pgf/utilities/pgfutil-latex.def
\pgfutil@abb=\box52
)
(/usr/share/texlive/texmf-dist/tex/generic/pgf/utilities/pgfrcs.code.tex
(/usr/share/texlive/texmf-dist/tex/generic/pgf/pgf.revision.tex)
Package: pgfrcs 2023-01-15 v3.1.10 (3.1.10)
))
Package: pgf 2023-01-15 v3.1.10 (3.1.10)

(/usr/share/texlive/texmf-dist/tex/latex/pgf/basiclayer/pgfcore.sty
(/usr/share/texlive/texmf-dist/tex/latex/graphics/graphicx.sty
Package: graphicx 2021/09/16 v1.2d Enhanced LaTeX Graphics (DPC,SPQR)

(/usr/share/texlive/texmf-dist/tex/latex/graphics/graphics.sty
Package: graphics 2024/08/06 v1.4g Standard LaTeX Graphics (DPC,SPQR)

(/usr/share/texlive/texmf-dist/tex/latex/graphics/trig.sty
Package: trig 2023/12/02 v1.11 sin cos tan (DPC)
)
(/usr/share/texlive/texmf-dist/tex/latex/graphics-cfg/graphics.cfg
File: graphics.cfg 2016/06/04 v1.11 sample graphics configuration
)
Package graphics Info: Driver file: pdftex.def on input line 106.

(/usr/share/texlive/texmf-dist/tex/latex/graphics-def/pdftex.def
File: pdftex.def 2024/04/13 v1.2c Graphics/color driver for pdftex
))
\Gin@req@height=\dimen152
\Gin@req@width=\dimen153
)
(/usr/share/texlive/texmf-dist/tex/latex/pgf/systemlayer/pgfsys.sty
(/usr/share/texlive/texmf-dist/tex/generic/pgf/systemlayer/pgfsys.code.tex
Package: pgfsys 2023-01-15 v3.1.10 (3.1.10)

(/usr/share/texlive/texmf-dist/tex/generic/pgf/utilities/pgfkeys.code.tex
\pgfkeys@pathtoks=\toks20
\pgfkeys@temptoks=\toks21

(/usr/share/texlive/texmf-dist/tex/generic/pgf/utilities/pgfkeyslibraryfiltered
.code.tex
\pgfkeys@tmptoks=\toks22
))
\pgf@x=\dimen154
\pgf@y=\dimen155
\pgf@xa=\dimen156
\pgf@ya=\dimen157
\pgf@xb=\dimen158
\pgf@yb=\dimen159
\pgf@xc=\dimen160
\pgf@yc=\dimen161
\pgf@xd=\dimen162
\pgf@yd=\dimen163
\w@pgf@writea=\write3
\r@pgf@reada=\read2
\c@pgf@counta=\count274
\c@pgf@countb=\count275
\c@pgf@countc=\count276
\c@pgf@countd=\count277
\t@pgf@toka=\toks23
\t@pgf@tokb=\toks24
\t@pgf@tokc=\toks25
\pgf@sys@id@count=\count278
 (/usr/share/texlive/texmf-dist/tex/generic/pgf/systemlayer/pgf.cfg
File: pgf.cfg 2023-01-15 v3.1.10 (3.1.10)
)
Driver file for pgf: pgfsys-pdftex.def
(/usr/share/texlive/texmf-dist/tex/generic/pgf/systemlayer/pgfsys-pdftex.def
File: pgfsys-pdftex.def 2023-01-15 v3.1.10 (3.1.10)

(/usr/share/texlive/texmf-dist/tex/generic/pgf/systemlayer/pgfsys-common-pdf.de
f
File: pgfsys-common-pdf.def 2023-01-15 v3.1.10 (3.1.10)
)))
(/usr/share/texlive/texmf-dist/tex/generic/pgf/systemlayer/pgfsyssoftpath.code.
tex
File: pgfsyssoftpath.code.tex 2023-01-15 v3.1.10 (3.1.10)
\pgfsyssoftpath@smallbuffer@items=\count279
\pgfsyssoftpath@bigbuffer@items=\count280
)
(/usr/share/texlive/texmf-dist/tex/generic/pgf/systemlayer/pgfsysprotocol.code.
tex
File: pgfsysprotocol.code.tex 2023-01-15 v3.1.10 (3.1.10)
)) (/usr/share/texlive/texmf-dist/tex/latex/xcolor/xcolor.sty
Package: xcolor 2024/09/29 v3.02 LaTeX color extensions (UK)

(/usr/share/texlive/texmf-dist/tex/latex/graphics-cfg/color.cfg
File: color.cfg 2016/01/02 v1.6 sample color configuration
)
Package xcolor Info: Driver file: pdftex.def on input line 274.

(/usr/share/texlive/texmf-dist/tex/latex/graphics/mathcolor.ltx)
Package xcolor Info: Model `cmy' substituted by `cmy0' on input line 1349.
Package xcolor Info: Model `hsb' substituted by `rgb' on input line 1353.
Package xcolor Info: Model `RGB' extended on input line 1365.
Package xcolor Info: Model `HTML' substituted by `rgb' on input line 1367.
Package xcolor Info: Model `Hsb' substituted by `hsb' on input line 1368.
Package xcolor Info: Model `tHsb' substituted by `hsb' on input line 1369.
Package xcolor Info: Model `HSB' substituted by `hsb' on input line 1370.
Package xcolor Info: Model `Gray' substituted by `gray' on input line 1371.
Package xcolor Info: Model `wave' substituted by `hsb' on input line 1372.
)
(/usr/share/texlive/texmf-dist/tex/generic/pgf/basiclayer/pgfcore.code.tex
Package: pgfcore 2023-01-15 v3.1.10 (3.1.10)

(/usr/share/texlive/texmf-dist/tex/generic/pgf/math/pgfmath.code.tex
(/usr/share/texlive/texmf-dist/tex/generic/pgf/math/pgfmathutil.code.tex)
(/usr/share/texlive/texmf-dist/tex/generic/pgf/math/pgfmathparser.code.tex
\pgfmath@dimen=\dimen164
\pgfmath@count=\count281
\pgfmath@box=\box53
\pgfmath@toks=\toks26
\pgfmath@stack@operand=\toks27
\pgfmath@stack@operation=\toks28
)
(/usr/share/texlive/texmf-dist/tex/generic/pgf/math/pgfmathfunctions.code.tex)
(/usr/share/texlive/texmf-dist/tex/generic/pgf/math/pgfmathfunctions.basic.code
.tex)
(/usr/share/texlive/texmf-dist/tex/generic/pgf/math/pgfmathfunctions.trigonomet
ric.code.tex)
(/usr/share/texlive/texmf-dist/tex/generic/pgf/math/pgfmathfunctions.random.cod
e.tex)
(/usr/share/texlive/texmf-dist/tex/generic/pgf/math/pgfmathfunctions.comparison
.code.tex)
(/usr/share/texlive/texmf-dist/tex/generic/pgf/math/pgfmathfunctions.base.code.
tex)
(/usr/share/texlive/texmf-dist/tex/generic/pgf/math/pgfmathfunctions.round.code
.tex)
(/usr/share/texlive/texmf-dist/tex/generic/pgf/math/pgfmathfunctions.misc.code.
tex)
(/usr/share/texlive/texmf-dist/tex/generic/pgf/math/pgfmathfunctions.integerari
thmetics.code.tex)
(/usr/share/texlive/texmf-dist/tex/generic/pgf/math/pgfmathcalc.code.tex)
(/usr/share/texlive/texmf-dist/tex/generic/pgf/math/pgfmathfloat.code.tex
\c@pgfmathroundto@lastzeros=\count282
))
(/usr/share/texlive/texmf-dist/tex/generic/pgf/math/pgfint.code.tex)
(/usr/share/texlive/texmf-dist/tex/generic/pgf/basiclayer/pgfcorepoints.code.te
x
File: pgfcorepoints.code.tex 2023-01-15 v3.1.10 (3.1.10)
\pgf@picminx=\dimen165
\pgf@picmaxx=\dimen166
\pgf@picminy=\dimen167
\pgf@picmaxy=\dimen168
\pgf@pathminx=\dimen169
\pgf@pathmaxx=\dimen170
\pgf@pathminy=\dimen171
\pgf@pathmaxy=\dimen172
\pgf@xx=\dimen173
\pgf@xy=\dimen174
\pgf@yx=\dimen175
\pgf@yy=\dimen176
\pgf@zx=\dimen177
\pgf@zy=\dimen178
)
(/usr/share/texlive/texmf-dist/tex/generic/pgf/basiclayer/pgfcorepathconstruct.
code.tex
File: pgfcorepathconstruct.code.tex 2023-01-15 v3.1.10 (3.1.10)
\pgf@path@lastx=\dimen179
\pgf@path@lasty=\dimen180
)
(/usr/share/texlive/texmf-dist/tex/generic/pgf/basiclayer/pgfcorepathusage.code
.tex
File: pgfcorepathusage.code.tex 2023-01-15 v3.1.10 (3.1.10)
\pgf@shorten@end@additional=\dimen181
\pgf@shorten@start@additional=\dimen182
)
(/usr/share/texlive/texmf-dist/tex/generic/pgf/basiclayer/pgfcorescopes.code.te
x
File: pgfcorescopes.code.tex 2023-01-15 v3.1.10 (3.1.10)
\pgfpic=\box54
\pgf@hbox=\box55
\pgf@layerbox@main=\box56
\pgf@picture@serial@count=\count283
)
(/usr/share/texlive/texmf-dist/tex/generic/pgf/basiclayer/pgfcoregraphicstate.c
ode.tex
File: pgfcoregraphicstate.code.tex 2023-01-15 v3.1.10 (3.1.10)
\pgflinewidth=\dimen183
)
(/usr/share/texlive/texmf-dist/tex/generic/pgf/basiclayer/pgfcoretransformation
s.code.tex
File: pgfcoretransformations.code.tex 2023-01-15 v3.1.10 (3.1.10)
\pgf@pt@x=\dimen184
\pgf@pt@y=\dimen185
\pgf@pt@temp=\dimen186
)
(/usr/share/texlive/texmf-dist/tex/generic/pgf/basiclayer/pgfcorequick.code.tex
File: pgfcorequick.code.tex 2023-01-15 v3.1.10 (3.1.10)
)
(/usr/share/texlive/texmf-dist/tex/generic/pgf/basiclayer/pgfcoreobjects.code.t
ex
File: pgfcoreobjects.code.tex 2023-01-15 v3.1.10 (3.1.10)
)
(/usr/share/texlive/texmf-dist/tex/generic/pgf/basiclayer/pgfcorepathprocessing
.code.tex
File: pgfcorepathprocessing.code.tex 2023-01-15 v3.1.10 (3.1.10)
)
(/usr/share/texlive/texmf-dist/tex/generic/pgf/basiclayer/pgfcorearrows.code.te
x
File: pgfcorearrows.code.tex 2023-01-15 v3.1.10 (3.1.10)
\pgfarrowsep=\dimen187
)
(/usr/share/texlive/texmf-dist/tex/generic/pgf/basiclayer/pgfcoreshade.code.tex
File: pgfcoreshade.code.tex 2023-01-15 v3.1.10 (3.1.10)
\pgf@max=\dimen188
\pgf@sys@shading@range@num=\count284
\pgf@shadingcount=\count285
)
(/usr/share/texlive/texmf-dist/tex/generic/pgf/basiclayer/pgfcoreimage.code.tex
File: pgfcoreimage.code.tex 2023-01-15 v3.1.10 (3.1.10)
)
(/usr/share/texlive/texmf-dist/tex/generic/pgf/basiclayer/pgfcoreexternal.code.
tex
File: pgfcoreexternal.code.tex 2023-01-15 v3.1.10 (3.1.10)
\pgfexternal@startupbox=\box57
)
(/usr/share/texlive/texmf-dist/tex/generic/pgf/basiclayer/pgfcorelayers.code.te
x
File: pgfcorelayers.code.tex 2023-01-15 v3.1.10 (3.1.10)
)
(/usr/share/texlive/texmf-dist/tex/generic/pgf/basiclayer/pgfcoretransparency.c
ode.tex
File: pgfcoretransparency.code.tex 2023-01-15 v3.1.10 (3.1.10)
)
(/usr/share/texlive/texmf-dist/tex/generic/pgf/basiclayer/pgfcorepatterns.code.
tex
File: pgfcorepatterns.code.tex 2023-01-15 v3.1.10 (3.1.10)
)
(/usr/share/texlive/texmf-dist/tex/generic/pgf/basiclayer/pgfcorerdf.code.tex
File: pgfcorerdf.code.tex 2023-01-15 v3.1.10 (3.1.10)
)))
(/usr/share/texlive/texmf-dist/tex/generic/pgf/modules/pgfmoduleshapes.code.tex
File: pgfmoduleshapes.code.tex 2023-01-15 v3.1.10 (3.1.10)
\pgfnodeparttextbox=\box58
) (/usr/share/texlive/texmf-dist/tex/generic/pgf/modules/pgfmoduleplot.code.tex
File: pgfmoduleplot.code.tex 2023-01-15 v3.1.10 (3.1.10)
)
(/usr/share/texlive/texmf-dist/tex/latex/pgf/compatibility/pgfcomp-version-0-65
.sty
Package: pgfcomp-version-0-65 2023-01-15 v3.1.10 (3.1.10)
\pgf@nodesepstart=\dimen189
\pgf@nodesepend=\dimen190
)
(/usr/share/texlive/texmf-dist/tex/latex/pgf/compatibility/pgfcomp-version-1-18
.sty
Package: pgfcomp-version-1-18 2023-01-15 v3.1.10 (3.1.10)
)) (/usr/share/texlive/texmf-dist/tex/latex/pgf/utilities/pgffor.sty
(/usr/share/texlive/texmf-dist/tex/latex/pgf/utilities/pgfkeys.sty
(/usr/share/texlive/texmf-dist/tex/generic/pgf/utilities/pgfkeys.code.tex))
(/usr/share/texlive/texmf-dist/tex/latex/pgf/math/pgfmath.sty
(/usr/share/texlive/texmf-dist/tex/generic/pgf/math/pgfmath.code.tex))
(/usr/share/texlive/texmf-dist/tex/generic/pgf/utilities/pgffor.code.tex
Package: pgffor 2023-01-15 v3.1.10 (3.1.10)
\pgffor@iter=\dimen191
\pgffor@skip=\dimen192
\pgffor@stack=\toks29
\pgffor@toks=\toks30
))
(/usr/share/texlive/texmf-dist/tex/generic/pgf/frontendlayer/tikz/tikz.code.tex
Package: tikz 2023-01-15 v3.1.10 (3.1.10)

(/usr/share/texlive/texmf-dist/tex/generic/pgf/libraries/pgflibraryplothandlers
.code.tex
File: pgflibraryplothandlers.code.tex 2023-01-15 v3.1.10 (3.1.10)
\pgf@plot@mark@count=\count286
\pgfplotmarksize=\dimen193
)
\tikz@lastx=\dimen194
\tikz@lasty=\dimen195
\tikz@lastxsaved=\dimen196
\tikz@lastysaved=\dimen197
\tikz@lastmovetox=\dimen198
\tikz@lastmovetoy=\dimen199
\tikzleveldistance=\dimen256
\tikzsiblingdistance=\dimen257
\tikz@figbox=\box59
\tikz@figbox@bg=\box60
\tikz@tempbox=\box61
\tikz@tempbox@bg=\box62
\tikztreelevel=\count287
\tikznumberofchildren=\count288
\tikznumberofcurrentchild=\count289
\tikz@fig@count=\count290

(/usr/share/texlive/texmf-dist/tex/generic/pgf/modules/pgfmodulematrix.code.tex
File: pgfmodulematrix.code.tex 2023-01-15 v3.1.10 (3.1.10)
\pgfmatrixcurrentrow=\count291
\pgfmatrixcurrentcolumn=\count292
\pgf@matrix@numberofcolumns=\count293
)
\tikz@expandcount=\count294

(/usr/share/texlive/texmf-dist/tex/generic/pgf/frontendlayer/tikz/libraries/tik
zlibrarytopaths.code.tex
File: tikzlibrarytopaths.code.tex 2023-01-15 v3.1.10 (3.1.10)
)))
(/usr/share/texlive/texmf-dist/tex/latex/wrapfig/wrapfig.sty
\wrapoverhang=\dimen258
\WF@size=\dimen259
\c@WF@wrappedlines=\count295
\WF@box=\box63
\WF@everypar=\toks31
Package: wrapfig 2003/01/31  v 3.6
)
(/usr/share/texlive/texmf-dist/tex/latex/hyperref/hyperref.sty
Package: hyperref 2024-11-05 v7.01l Hypertext links for LaTeX

(/usr/share/texlive/texmf-dist/tex/latex/kvsetkeys/kvsetkeys.sty
Package: kvsetkeys 2022-10-05 v1.19 Key value parser (HO)
)
(/usr/share/texlive/texmf-dist/tex/generic/kvdefinekeys/kvdefinekeys.sty
Package: kvdefinekeys 2019-12-19 v1.6 Define keys (HO)
)
(/usr/share/texlive/texmf-dist/tex/generic/pdfescape/pdfescape.sty
Package: pdfescape 2019/12/09 v1.15 Implements pdfTeX's escape features (HO)

(/usr/share/texlive/texmf-dist/tex/generic/ltxcmds/ltxcmds.sty
Package: ltxcmds 2023-12-04 v1.26 LaTeX kernel commands for general use (HO)
)
(/usr/share/texlive/texmf-dist/tex/generic/pdftexcmds/pdftexcmds.sty
Package: pdftexcmds 2020-06-27 v0.33 Utility functions of pdfTeX for LuaTeX (HO
)

(/usr/share/texlive/texmf-dist/tex/generic/infwarerr/infwarerr.sty
Package: infwarerr 2019/12/03 v1.5 Providing info/warning/error messages (HO)
)
Package pdftexcmds Info: \pdf@primitive is available.
Package pdftexcmds Info: \pdf@ifprimitive is available.
Package pdftexcmds Info: \pdfdraftmode found.
))
(/usr/share/texlive/texmf-dist/tex/latex/hycolor/hycolor.sty
Package: hycolor 2020-01-27 v1.10 Color options for hyperref/bookmark (HO)
)
(/usr/share/texlive/texmf-dist/tex/latex/hyperref/nameref.sty
Package: nameref 2023-11-26 v2.56 Cross-referencing by name of section

(/usr/share/texlive/texmf-dist/tex/latex/refcount/refcount.sty
Package: refcount 2019/12/15 v3.6 Data extraction from label references (HO)
)
(/usr/share/texlive/texmf-dist/tex/generic/gettitlestring/gettitlestring.sty
Package: gettitlestring 2019/12/15 v1.6 Cleanup title references (HO)

(/usr/share/texlive/texmf-dist/tex/latex/kvoptions/kvoptions.sty
Package: kvoptions 2022-06-15 v3.15 Key value format for package options (HO)
))
\c@section@level=\count296
)
(/usr/share/texlive/texmf-dist/tex/latex/etoolbox/etoolbox.sty
Package: etoolbox 2025/02/11 v2.5l e-TeX tools for LaTeX (JAW)
\etb@tempcnta=\count297
)
(/usr/share/texlive/texmf-dist/tex/generic/stringenc/stringenc.sty
Package: stringenc 2019/11/29 v1.12 Convert strings between diff. encodings (HO
)
)
\@linkdim=\dimen260
\Hy@linkcounter=\count298
\Hy@pagecounter=\count299

(/usr/share/texlive/texmf-dist/tex/latex/hyperref/pd1enc.def
File: pd1enc.def 2024-11-05 v7.01l Hyperref: PDFDocEncoding definition (HO)
Now handling font encoding PD1 ...
... no UTF-8 mapping file for font encoding PD1
)
(/usr/share/texlive/texmf-dist/tex/generic/intcalc/intcalc.sty
Package: intcalc 2019/12/15 v1.3 Expandable calculations with integers (HO)
)
\Hy@SavedSpaceFactor=\count300

(/usr/share/texlive/texmf-dist/tex/latex/hyperref/puenc.def
File: puenc.def 2024-11-05 v7.01l Hyperref: PDF Unicode definition (HO)
Now handling font encoding PU ...
... no UTF-8 mapping file for font encoding PU
)
Package hyperref Info: Hyper figures OFF on input line 4157.
Package hyperref Info: Link nesting OFF on input line 4162.
Package hyperref Info: Hyper index ON on input line 4165.
Package hyperref Info: Plain pages OFF on input line 4172.
Package hyperref Info: Backreferencing OFF on input line 4177.
Package hyperref Info: Implicit mode ON; LaTeX internals redefined.
Package hyperref Info: Bookmarks ON on input line 4424.
\c@Hy@tempcnt=\count301

(/usr/share/texlive/texmf-dist/tex/latex/url/url.sty
\Urlmuskip=\muskip17
Package: url 2013/09/16  ver 3.4  Verb mode for urls, etc.
)
LaTeX Info: Redefining \url on input line 4763.
\XeTeXLinkMargin=\dimen261

(/usr/share/texlive/texmf-dist/tex/generic/bitset/bitset.sty
Package: bitset 2019/12/09 v1.3 Handle bit-vector datatype (HO)

(/usr/share/texlive/texmf-dist/tex/generic/bigintcalc/bigintcalc.sty
Package: bigintcalc 2019/12/15 v1.5 Expandable calculations on big integers (HO
)
))
\Fld@menulength=\count302
\Field@Width=\dimen262
\Fld@charsize=\dimen263
Package hyperref Info: Hyper figures OFF on input line 6042.
Package hyperref Info: Link nesting OFF on input line 6047.
Package hyperref Info: Hyper index ON on input line 6050.
Package hyperref Info: backreferencing OFF on input line 6057.
Package hyperref Info: Link coloring OFF on input line 6062.
Package hyperref Info: Link coloring with OCG OFF on input line 6067.
Package hyperref Info: PDF/A mode OFF on input line 6072.

(/usr/share/texlive/texmf-dist/tex/latex/base/atbegshi-ltx.sty
Package: atbegshi-ltx 2021/01/10 v1.0c Emulation of the original atbegshi
package with kernel methods
)
\Hy@abspage=\count303
\c@Item=\count304
\c@Hfootnote=\count305
)
Package hyperref Info: Driver (autodetected): hpdftex.

(/usr/share/texlive/texmf-dist/tex/latex/hyperref/hpdftex.def
File: hpdftex.def 2024-11-05 v7.01l Hyperref driver for pdfTeX

(/usr/share/texlive/texmf-dist/tex/latex/base/atveryend-ltx.sty
Package: atveryend-ltx 2020/08/19 v1.0a Emulation of the original atveryend pac
kage
with kernel methods
)
\Fld@listcount=\count306
\c@bookmark@seq@number=\count307

(/usr/share/texlive/texmf-dist/tex/latex/rerunfilecheck/rerunfilecheck.sty
Package: rerunfilecheck 2022-07-10 v1.10 Rerun checks for auxiliary files (HO)

(/usr/share/texlive/texmf-dist/tex/generic/uniquecounter/uniquecounter.sty
Package: uniquecounter 2019/12/15 v1.4 Provide unlimited unique counter (HO)
)
Package uniquecounter Info: New unique counter `rerunfilecheck' on input line 2
85.
)
\Hy@SectionHShift=\skip51
)
(/usr/share/texlive/texmf-dist/tex/latex/amsmath/amsmath.sty
Package: amsmath 2024/11/05 v2.17t AMS math features
\@mathmargin=\skip52

For additional information on amsmath, use the `?' option.
(/usr/share/texlive/texmf-dist/tex/latex/amsmath/amstext.sty
Package: amstext 2021/08/26 v2.01 AMS text

(/usr/share/texlive/texmf-dist/tex/latex/amsmath/amsgen.sty
File: amsgen.sty 1999/11/30 v2.0 generic functions
\@emptytoks=\toks32
\ex@=\dimen264
))
(/usr/share/texlive/texmf-dist/tex/latex/amsmath/amsbsy.sty
Package: amsbsy 1999/11/29 v1.2d Bold Symbols
\pmbraise@=\dimen265
)
(/usr/share/texlive/texmf-dist/tex/latex/amsmath/amsopn.sty
Package: amsopn 2022/04/08 v2.04 operator names
)
\inf@bad=\count308
LaTeX Info: Redefining \frac on input line 233.
\uproot@=\count309
\leftroot@=\count310
LaTeX Info: Redefining \overline on input line 398.
LaTeX Info: Redefining \colon on input line 409.
\classnum@=\count311
\DOTSCASE@=\count312
LaTeX Info: Redefining \ldots on input line 495.
LaTeX Info: Redefining \dots on input line 498.
LaTeX Info: Redefining \cdots on input line 619.
\Mathstrutbox@=\box64
\strutbox@=\box65
LaTeX Info: Redefining \big on input line 721.
LaTeX Info: Redefining \Big on input line 722.
LaTeX Info: Redefining \bigg on input line 723.
LaTeX Info: Redefining \Bigg on input line 724.
\big@size=\dimen266
LaTeX Font Info:    Redeclaring font encoding OML on input line 742.
LaTeX Font Info:    Redeclaring font encoding OMS on input line 743.
\macc@depth=\count313
LaTeX Info: Redefining \bmod on input line 904.
LaTeX Info: Redefining \pmod on input line 909.
LaTeX Info: Redefining \smash on input line 939.
LaTeX Info: Redefining \relbar on input line 969.
LaTeX Info: Redefining \Relbar on input line 970.
\c@MaxMatrixCols=\count314
\dotsspace@=\muskip18
\c@parentequation=\count315
\dspbrk@lvl=\count316
\tag@help=\toks33
\row@=\count317
\column@=\count318
\maxfields@=\count319
\andhelp@=\toks34
\eqnshift@=\dimen267
\alignsep@=\dimen268
\tagshift@=\dimen269
\tagwidth@=\dimen270
\totwidth@=\dimen271
\lineht@=\dimen272
\@envbody=\toks35
\multlinegap=\skip53
\multlinetaggap=\skip54
\mathdisplay@stack=\toks36
LaTeX Info: Redefining \[ on input line 2953.
LaTeX Info: Redefining \] on input line 2954.
)
(/usr/share/texlive/texmf-dist/tex/latex/amsfonts/amssymb.sty
Package: amssymb 2013/01/14 v3.01 AMS font symbols

(/usr/share/texlive/texmf-dist/tex/latex/amsfonts/amsfonts.sty
Package: amsfonts 2013/01/14 v3.01 Basic AMSFonts support
\symAMSa=\mathgroup4
\symAMSb=\mathgroup5
LaTeX Font Info:    Redeclaring math symbol \hbar on input line 98.
LaTeX Font Info:    Overwriting math alphabet `\mathfrak' in version `bold'
(Font)                  U/euf/m/n --> U/euf/b/n on input line 106.
))
(/usr/share/texlive/texmf-dist/tex/latex/tools/array.sty
Package: array 2024/10/17 v2.6g Tabular extension package (FMi)
\col@sep=\dimen273
\ar@mcellbox=\box66
\extrarowheight=\dimen274
\NC@list=\toks37
\extratabsurround=\skip55
\backup@length=\skip56
\ar@cellbox=\box67
)
(/usr/share/texlive/texmf-dist/tex/latex/float/float.sty
Package: float 2001/11/08 v1.3d Float enhancements (AL)
\c@float@type=\count320
\float@exts=\toks38
\float@box=\box68
\@float@everytoks=\toks39
\@floatcapt=\box69
)
(/usr/share/texlive/texmf-dist/tex/latex/caption/caption.sty
Package: caption 2023/08/05 v3.6o Customizing captions (AR)

(/usr/share/texlive/texmf-dist/tex/latex/caption/caption3.sty
Package: caption3 2023/07/31 v2.4d caption3 kernel (AR)
\caption@tempdima=\dimen275
\captionmargin=\dimen276
\caption@leftmargin=\dimen277
\caption@rightmargin=\dimen278
\caption@width=\dimen279
\caption@indent=\dimen280
\caption@parindent=\dimen281
\caption@hangindent=\dimen282
Package caption Info: Standard document class detected.
)
\c@caption@flags=\count321
\c@continuedfloat=\count322
Package caption Info: float package is loaded.
Package caption Info: hyperref package is loaded.
Package caption Info: wrapfig package is loaded.
)
(/usr/share/texlive/texmf-dist/tex/latex/placeins/placeins.sty
Package: placeins 2005/04/18  v 2.2
)
(/usr/share/texlive/texmf-dist/tex/latex/tools/tabularx.sty
Package: tabularx 2023/12/11 v2.12a `tabularx' package (DPC)
\TX@col@width=\dimen283
\TX@old@table=\dimen284
\TX@old@col=\dimen285
\TX@target=\dimen286
\TX@delta=\dimen287
\TX@cols=\count323
\TX@ftn=\toks40
)
(/usr/share/texlive/texmf-dist/tex/latex/booktabs/booktabs.sty
Package: booktabs 2020/01/12 v1.61803398 Publication quality tables
\heavyrulewidth=\dimen288
\lightrulewidth=\dimen289
\cmidrulewidth=\dimen290
\belowrulesep=\dimen291
\belowbottomsep=\dimen292
\aboverulesep=\dimen293
\abovetopsep=\dimen294
\cmidrulesep=\dimen295
\cmidrulekern=\dimen296
\defaultaddspace=\dimen297
\@cmidla=\count324
\@cmidlb=\count325
\@aboverulesep=\dimen298
\@belowrulesep=\dimen299
\@thisruleclass=\count326
\@lastruleclass=\count327
\@thisrulewidth=\dimen300
)
(/usr/share/texlive/texmf-dist/tex/latex/psnfss/helvet.sty
Package: helvet 2020/03/25 PSNFSS-v9.3 (WaS) 
)
(/usr/share/texlive/texmf-dist/tex/latex/colortbl/colortbl.sty
Package: colortbl 2024/07/06 v1.0i Color table columns (DPC)
\everycr=\toks41
\minrowclearance=\skip57
\rownum=\count328
)
(/usr/share/texlive/texmf-dist/tex/generic/pgf/frontendlayer/tikz/libraries/tik
zlibraryshapes.code.tex
File: tikzlibraryshapes.code.tex 2023-01-15 v3.1.10 (3.1.10)

(/usr/share/texlive/texmf-dist/tex/generic/pgf/frontendlayer/tikz/libraries/tik
zlibraryshapes.geometric.code.tex
File: tikzlibraryshapes.geometric.code.tex 2023-01-15 v3.1.10 (3.1.10)

(/usr/share/texlive/texmf-dist/tex/generic/pgf/libraries/shapes/pgflibraryshape
s.geometric.code.tex
File: pgflibraryshapes.geometric.code.tex 2023-01-15 v3.1.10 (3.1.10)
))
(/usr/share/texlive/texmf-dist/tex/generic/pgf/frontendlayer/tikz/libraries/tik
zlibraryshapes.misc.code.tex
File: tikzlibraryshapes.misc.code.tex 2023-01-15 v3.1.10 (3.1.10)

(/usr/share/texlive/texmf-dist/tex/generic/pgf/libraries/shapes/pgflibraryshape
s.misc.code.tex
File: pgflibraryshapes.misc.code.tex 2023-01-15 v3.1.10 (3.1.10)
))
(/usr/share/texlive/texmf-dist/tex/generic/pgf/frontendlayer/tikz/libraries/tik
zlibraryshapes.symbols.code.tex
File: tikzlibraryshapes.symbols.code.tex 2023-01-15 v3.1.10 (3.1.10)

(/usr/share/texlive/texmf-dist/tex/generic/pgf/libraries/shapes/pgflibraryshape
s.symbols.code.tex
File: pgflibraryshapes.symbols.code.tex 2023-01-15 v3.1.10 (3.1.10)
))
(/usr/share/texlive/texmf-dist/tex/generic/pgf/frontendlayer/tikz/libraries/tik
zlibraryshapes.arrows.code.tex
File: tikzlibraryshapes.arrows.code.tex 2023-01-15 v3.1.10 (3.1.10)

(/usr/share/texlive/texmf-dist/tex/generic/pgf/libraries/shapes/pgflibraryshape
s.arrows.code.tex
File: pgflibraryshapes.arrows.code.tex 2023-01-15 v3.1.10 (3.1.10)
))
(/usr/share/texlive/texmf-dist/tex/generic/pgf/frontendlayer/tikz/libraries/tik
zlibraryshapes.callouts.code.tex
(/usr/share/texlive/texmf-dist/tex/generic/pgf/libraries/shapes/pgflibraryshape
s.callouts.code.tex))
(/usr/share/texlive/texmf-dist/tex/generic/pgf/frontendlayer/tikz/libraries/tik
zlibraryshapes.multipart.code.tex
File: tikzlibraryshapes.multipart.code.tex 2023-01-15 v3.1.10 (3.1.10)

(/usr/share/texlive/texmf-dist/tex/generic/pgf/libraries/shapes/pgflibraryshape
s.multipart.code.tex
File: pgflibraryshapes.multipart.code.tex 2023-01-15 v3.1.10 (3.1.10)
\pgfnodepartlowerbox=\box70
\pgfnodeparttwobox=\box71
\pgfnodepartthreebox=\box72
\pgfnodepartfourbox=\box73
\pgfnodeparttwentybox=\box74
\pgfnodepartnineteenbox=\box75
\pgfnodeparteighteenbox=\box76
\pgfnodepartseventeenbox=\box77
\pgfnodepartsixteenbox=\box78
\pgfnodepartfifteenbox=\box79
\pgfnodepartfourteenbox=\box80
\pgfnodepartthirteenbox=\box81
\pgfnodeparttwelvebox=\box82
\pgfnodepartelevenbox=\box83
\pgfnodeparttenbox=\box84
\pgfnodepartninebox=\box85
\pgfnodeparteightbox=\box86
\pgfnodepartsevenbox=\box87
\pgfnodepartsixbox=\box88
\pgfnodepartfivebox=\box89
)))
(/usr/share/texlive/texmf-dist/tex/generic/pgf/frontendlayer/tikz/libraries/tik
zlibraryarrows.code.tex
File: tikzlibraryarrows.code.tex 2023-01-15 v3.1.10 (3.1.10)

(/usr/share/texlive/texmf-dist/tex/generic/pgf/libraries/pgflibraryarrows.code.
tex
File: pgflibraryarrows.code.tex 2023-01-15 v3.1.10 (3.1.10)
\arrowsize=\dimen301
)) (/usr/share/texlive/texmf-dist/tex/latex/titlesec/titlesec.sty
Package: titlesec 2025/01/04 v2.17 Sectioning titles
\ttl@box=\box90
\beforetitleunit=\skip58
\aftertitleunit=\skip59
\ttl@plus=\dimen302
\ttl@minus=\dimen303
\ttl@toksa=\toks42
\titlewidth=\dimen304
\titlewidthlast=\dimen305
\titlewidthfirst=\dimen306
)
(/usr/share/texlive/texmf-dist/tex/latex/comment/comment.sty
\CommentStream=\write4

Excluding comment 'comment')
LaTeX Font Info:    Trying to load font information for OT1+phv on input line 2
0.

(/usr/share/texlive/texmf-dist/tex/latex/psnfss/ot1phv.fd
File: ot1phv.fd 2020/03/25 scalable font definitions for OT1/phv.
)
LaTeX Font Info:    Font shape `OT1/phv/m/n' will be
(Font)              scaled to size 11.39996pt on input line 20.

(/usr/share/texlive/texmf-dist/tex/latex/l3backend/l3backend-pdftex.def
File: l3backend-pdftex.def 2024-05-08 L3 backend support: PDF output (pdfTeX)
\l__color_backend_stack_int=\count329
\l__pdf_internal_box=\box91
)
(./report.aux)
\openout1 = `report.aux'.

LaTeX Font Info:    Checking defaults for OML/cmm/m/it on input line 20.
LaTeX Font Info:    ... okay on input line 20.
LaTeX Font Info:    Checking defaults for OMS/cmsy/m/n on input line 20.
LaTeX Font Info:    ... okay on input line 20.
LaTeX Font Info:    Checking defaults for OT1/cmr/m/n on input line 20.
LaTeX Font Info:    ... okay on input line 20.
LaTeX Font Info:    Checking defaults for T1/cmr/m/n on input line 20.
LaTeX Font Info:    ... okay on input line 20.
LaTeX Font Info:    Checking defaults for TS1/cmr/m/n on input line 20.
LaTeX Font Info:    ... okay on input line 20.
LaTeX Font Info:    Checking defaults for OMX/cmex/m/n on input line 20.
LaTeX Font Info:    ... okay on input line 20.
LaTeX Font Info:    Checking defaults for U/cmr/m/n on input line 20.
LaTeX Font Info:    ... okay on input line 20.
LaTeX Font Info:    Checking defaults for PD1/pdf/m/n on input line 20.
LaTeX Font Info:    ... okay on input line 20.
LaTeX Font Info:    Checking defaults for PU/pdf/m/n on input line 20.
LaTeX Font Info:    ... okay on input line 20.

*geometry* driver: auto-detecting
*geometry* detected driver: pdftex
*geometry* verbose mode - [ preamble ] result:
* driver: pdftex
* paper: a4paper
* layout: <same size as paper>
* layoutoffset:(h,v)=(0.0pt,0.0pt)
* modes: 
* h-part:(L,W,R)=(72.26999pt, 452.9679pt, 72.26999pt)
* v-part:(T,H,B)=(72.26999pt, 700.50687pt, 72.26999pt)
* \paperwidth=597.50787pt
* \paperheight=845.04684pt
* \textwidth=452.9679pt
* \textheight=700.50687pt
* \oddsidemargin=0.0pt
* \evensidemargin=0.0pt
* \topmargin=-37.0pt
* \headheight=12.0pt
* \headsep=25.0pt
* \topskip=12.0pt
* \footskip=30.0pt
* \marginparwidth=44.0pt
* \marginparsep=10.0pt
* \columnsep=10.0pt
* \skip\footins=10.8pt plus 4.0pt minus 2.0pt
* \hoffset=0.0pt
* \voffset=0.0pt
* \mag=1000
* \@twocolumnfalse
* \@twosidefalse
* \@mparswitchfalse
* \@reversemarginfalse
* (1in=72.27pt=25.4mm, 1cm=28.453pt)

(/usr/share/texlive/texmf-dist/tex/context/base/mkii/supp-pdf.mkii
[Loading MPS to PDF converter (version 2006.09.02).]
\scratchcounter=\count330
\scratchdimen=\dimen307
\scratchbox=\box92
\nofMPsegments=\count331
\nofMParguments=\count332
\everyMPshowfont=\toks43
\MPscratchCnt=\count333
\MPscratchDim=\dimen308
\MPnumerator=\count334
\makeMPintoPDFobject=\count335
\everyMPtoPDFconversion=\toks44
) (/usr/share/texlive/texmf-dist/tex/latex/epstopdf-pkg/epstopdf-base.sty
Package: epstopdf-base 2020-01-24 v2.11 Base part for package epstopdf
Package epstopdf-base Info: Redefining graphics rule for `.eps' on input line 4
85.

(/usr/share/texlive/texmf-dist/tex/latex/latexconfig/epstopdf-sys.cfg
File: epstopdf-sys.cfg 2010/07/13 v1.3 Configuration of (r)epstopdf for TeX Liv
e
))
Package hyperref Info: Link coloring OFF on input line 20.

(./report.out) (./report.out)
\@outlinefile=\write5
\openout5 = `report.out'.

Package caption Info: Begin \AtBeginDocument code.
Package caption Info: End \AtBeginDocument code.
 Excluding 'comment' comment.
*geometry* verbose mode - [ newgeometry ] result:
* driver: pdftex
* paper: a4paper
* layout: <same size as paper>
* layoutoffset:(h,v)=(0.0pt,0.0pt)
* modes: 
* h-part:(L,W,R)=(72.26999pt, 489.10289pt, 36.135pt)
* v-part:(T,H,B)=(72.26999pt, 736.64186pt, 36.135pt)
* \paperwidth=597.50787pt
* \paperheight=845.04684pt
* \textwidth=489.10289pt
* \textheight=736.64186pt
* \oddsidemargin=0.0pt
* \evensidemargin=0.0pt
* \topmargin=-37.0pt
* \headheight=12.0pt
* \headsep=25.0pt
* \topskip=12.0pt
* \footskip=30.0pt
* \marginparwidth=44.0pt
* \marginparsep=10.0pt
* \columnsep=10.0pt
* \skip\footins=10.8pt plus 4.0pt minus 2.0pt
* \hoffset=0.0pt
* \voffset=0.0pt
* \mag=1000
* \@twocolumnfalse
* \@twosidefalse
* \@mparswitchfalse
* \@reversemarginfalse
* (1in=72.27pt=25.4mm, 1cm=28.453pt)

LaTeX Font Info:    Font shape `OT1/phv/m/n' will be
(Font)              scaled to size 23.63593pt on input line 58.
LaTeX Font Info:    Font shape `OT1/phv/b/n' will be
(Font)              scaled to size 23.63593pt on input line 58.
 (./report.toc
LaTeX Font Info:    Font shape `OT1/phv/b/n' will be
(Font)              scaled to size 11.39996pt on input line 1.
LaTeX Font Info:    Trying to load font information for U+msa on input line 2.

(/usr/share/texlive/texmf-dist/tex/latex/amsfonts/umsa.fd
File: umsa.fd 2013/01/14 v3.01 AMS symbols A
)
LaTeX Font Info:    Trying to load font information for U+msb on input line 2.

(/usr/share/texlive/texmf-dist/tex/latex/amsfonts/umsb.fd
File: umsb.fd 2013/01/14 v3.01 AMS symbols B
))
\tf@toc=\write6
\openout6 = `report.toc'.



[1



{/var/lib/texmf/fonts/map/pdftex/updmap/pdftex.map}{/usr/share/texlive/texmf-di
st/fonts/enc/dvips/base/8r.enc}] (./report.lot)
\tf@lot=\write7
\openout7 = `report.lot'.

 (./report.lof
LaTeX Font Info:    Font shape `OT1/phv/m/n' will be
(Font)              scaled to size 10.40245pt on input line 4.
LaTeX Font Info:    Trying to load font information for TS1+phv on input line 7
.

(/usr/share/texlive/texmf-dist/tex/latex/psnfss/ts1phv.fd
File: ts1phv.fd 2020/03/25 scalable font definitions for TS1/phv.
)
LaTeX Font Info:    Font shape `TS1/phv/m/n' will be
(Font)              scaled to size 11.39996pt on input line 7.
)
\tf@lof=\write8
\openout8 = `report.lof'.



[2]
*geometry* verbose mode - [ newgeometry ] result:
* driver: pdftex
* paper: a4paper
* layout: <same size as paper>
* layoutoffset:(h,v)=(0.0pt,0.0pt)
* modes: 
* h-part:(L,W,R)=(72.26999pt, 489.10289pt, 36.135pt)
* v-part:(T,H,B)=(36.135pt, 772.77686pt, 36.135pt)
* \paperwidth=597.50787pt
* \paperheight=845.04684pt
* \textwidth=489.10289pt
* \textheight=772.77686pt
* \oddsidemargin=0.0pt
* \evensidemargin=0.0pt
* \topmargin=-73.135pt
* \headheight=12.0pt
* \headsep=25.0pt
* \topskip=12.0pt
* \footskip=30.0pt
* \marginparwidth=44.0pt
* \marginparsep=10.0pt
* \columnsep=10.0pt
* \skip\footins=10.8pt plus 4.0pt minus 2.0pt
* \hoffset=0.0pt
* \voffset=0.0pt
* \mag=1000
* \@twocolumnfalse
* \@twosidefalse
* \@mparswitchfalse
* \@reversemarginfalse
* (1in=72.27pt=25.4mm, 1cm=28.453pt)


Chapter 1.
LaTeX Font Info:    Font shape `OT1/phv/m/n' will be
(Font)              scaled to size 16.41594pt on input line 74.
LaTeX Font Info:    Font shape `OT1/phv/b/n' will be
(Font)              scaled to size 16.41594pt on input line 74.

Underfull \hbox (badness 10000) in paragraph at lines 76--77

 []

LaTeX Font Info:    Font shape `OT1/phv/m/it' in size <12> not available
(Font)              Font shape `OT1/phv/m/sl' tried instead on input line 78.
LaTeX Font Info:    Font shape `OT1/phv/m/sl' will be
(Font)              scaled to size 11.39996pt on input line 78.
<droneschematic2d.png, id=276, 390.70969pt x 305.64188pt>
File: droneschematic2d.png Graphic file (type png)
<use droneschematic2d.png>
Package pdftex.def Info: droneschematic2d.png  used on input line 81.
(pdftex.def)             Requested size: 244.55144pt x 191.30551pt.
LaTeX Font Info:    Font shape `OT1/phv/b/it' in size <12> not available
(Font)              Font shape `OT1/phv/b/sl' tried instead on input line 87.
LaTeX Font Info:    Font shape `OT1/phv/b/sl' will be
(Font)              scaled to size 11.39996pt on input line 87.

Underfull \hbox (badness 10000) in paragraph at lines 87--90

 []


Underfull \hbox (badness 10000) in paragraph at lines 87--90

 []


Underfull \hbox (badness 10000) in paragraph at lines 94--95

 []


Underfull \hbox (badness 10000) in paragraph at lines 96--97

 []



[3


 <./droneschematic2d.png (PNG copy)>]
LaTeX Font Info:    Font shape `OT1/phv/m/n' will be
(Font)              scaled to size 13.67995pt on input line 100.
LaTeX Font Info:    Font shape `OT1/phv/b/n' will be
(Font)              scaled to size 13.67995pt on input line 100.

Underfull \hbox (badness 10000) in paragraph at lines 102--104

 []



[4]

[5]
Chapter 2.

Overfull \hbox (5.82567pt too wide) in paragraph at lines 166--167
[]\OT1/phv/m/n/12 Component Se-lec-tion: Each sub-sys-tem|propulsion, aero-dy-n
am-ics, struc-ture, sen-sors|was
 []


Underfull \hbox (badness 10000) in paragraph at lines 174--175

 []



[6

]
Chapter 3.
<thrust3.png, id=313, 96.36pt x 160.6pt>
File: thrust3.png Graphic file (type png)
<use thrust3.png>
Package pdftex.def Info: thrust3.png  used on input line 231.
(pdftex.def)             Requested size: 85.5945pt x 142.65662pt.


[7

 <./thrust3.png>]
<bldc.png, id=324, 235.63031pt x 220.57407pt>
File: bldc.png Graphic file (type png)
<use bldc.png>
Package pdftex.def Info: bldc.png  used on input line 241.
(pdftex.def)             Requested size: 146.73235pt x 137.35695pt.

Underfull \hbox (badness 1584) in paragraph at lines 242--242
[]\OT1/phv/m/n/12 Figure 3.2: |DYS D2836-7
 []

<esc.png, id=325, 139.27031pt x 152.06813pt>
File: esc.png Graphic file (type png)
<use esc.png>
Package pdftex.def Info: esc.png  used on input line 254.
(pdftex.def)             Requested size: 146.73235pt x 160.21921pt.


[8 <./bldc.png (PNG copy)> <./esc.png (PNG copy)>]
LaTeX Font Info:    Font shape `TS1/phv/b/n' will be
(Font)              scaled to size 13.67995pt on input line 269.
<prop.png, id=330, 170.88844pt x 101.62968pt>
File: prop.png Graphic file (type png)
<use prop.png>
Package pdftex.def Info: prop.png  used on input line 271.
(pdftex.def)             Requested size: 146.73235pt x 87.26955pt.

Underfull \hbox (badness 2384) in paragraph at lines 272--272
[]\OT1/phv/m/n/12 Figure 3.4: |HQProp Thin
 []


Underfull \hbox (badness 1888) in paragraph at lines 272--272
\OT1/phv/m/n/12 Elec-tric Prop 9\TS1/phv/m/n/12 Ö\OT1/phv/m/n/12 5 (2CCW)
 []

LaTeX Info: Symbol \textrightarrow not provided by
            font family phv in TS1 encoding.
            Default family used instead on input line 279.
LaTeX Info: Symbol \textrightarrow not provided by
            font family phv in TS1 encoding.
            Default family used instead on input line 280.
LaTeX Font Info:    Font shape `OT1/phv/m/n' will be
(Font)              scaled to size 7.59998pt on input line 291.
LaTeX Font Info:    Font shape `OT1/phv/m/n' will be
(Font)              scaled to size 5.69998pt on input line 291.

Underfull \hbox (badness 10000) in paragraph at lines 293--294

 []


Underfull \hbox (badness 10000) in paragraph at lines 298--299

 []


Underfull \hbox (badness 10000) in paragraph at lines 298--299

 []



[9 <./prop.png (PNG copy)>]

[10]

LaTeX Warning: Hyper reference `chap:appendix' on page 11 undefined on input li
ne 374.



[11]
<prop_clear.jpeg, id=352, 619.56468pt x 478.78876pt>
File: prop_clear.jpeg Graphic file (type jpg)
<use prop_clear.jpeg>
Package pdftex.def Info: prop_clear.jpeg  used on input line 380.
(pdftex.def)             Requested size: 391.2838pt x 302.37639pt.
<hub1.png, id=353, 237.13594pt x 124.96687pt>
File: hub1.png Graphic file (type png)
<use hub1.png>
Package pdftex.def Info: hub1.png  used on input line 390.
(pdftex.def)             Requested size: 146.73235pt x 77.32802pt.


Package caption Warning: The option `hypcap=true' will be ignored for this
(caption)                particular \caption on input line 391.
See the caption package documentation for explanation.

<hub3.png, id=354, 161.10187pt x 142.28156pt>
File: hub3.png Graphic file (type png)
<use hub3.png>
Package pdftex.def Info: hub3.png  used on input line 396.
(pdftex.def)             Requested size: 146.73235pt x 129.59581pt.

Package caption Warning: The option `hypcap=true' will be ignored for this
(caption)                particular \caption on input line 397.
See the caption package documentation for explanation.

<hub2.png, id=355, 249.18094pt x 188.95593pt>
File: hub2.png Graphic file (type png)
<use hub2.png>
Package pdftex.def Info: hub2.png  used on input line 402.
(pdftex.def)             Requested size: 146.73235pt x 111.26967pt.

Package caption Warning: The option `hypcap=true' will be ignored for this
(caption)                particular \caption on input line 403.
See the caption package documentation for explanation.

<landing1.png, id=356, 222.07968pt x 143.03438pt>
File: landing1.png Graphic file (type png)
<use landing1.png>
Package pdftex.def Info: landing1.png  used on input line 409.
(pdftex.def)             Requested size: 195.63817pt x 126.00375pt.

Package caption Warning: The option `hypcap=true' will be ignored for this
(caption)                particular \caption on input line 410.
See the caption package documentation for explanation.

<landing2.png, id=357, 173.14688pt x 142.28156pt>
File: landing2.png Graphic file (type png)
<use landing2.png>
Package pdftex.def Info: landing2.png  used on input line 416.
(pdftex.def)             Requested size: 156.5165pt x 128.61885pt.

Package caption Warning: The option `hypcap=true' will be ignored for this
(caption)                particular \caption on input line 417.
See the caption package documentation for explanation.



[12 <./prop_clear.jpeg> <./hub1.png (PNG copy)> <./hub3.png (PNG copy)> <./hub2
.png (PNG copy)>]
<wheelbase.png, id=362, 326.72063pt x 352.31625pt>
File: wheelbase.png Graphic file (type png)
<use wheelbase.png>
Package pdftex.def Info: wheelbase.png  used on input line 424.
(pdftex.def)             Requested size: 391.2838pt x 421.93874pt.


[13 <./landing1.png (PNG copy)> <./landing2.png (PNG copy)> <./wheelbase.png (P
NG copy)>]
<battery.png, id=368, 242.40562pt x 163.3603pt>
File: battery.png Graphic file (type png)
<use battery.png>
Package pdftex.def Info: battery.png  used on input line 436.
(pdftex.def)             Requested size: 146.73235pt x 98.88936pt.

Underfull \hbox (badness 10000) in paragraph at lines 441--442

 []


Overfull \hbox (77.45654pt too wide) detected at line 443
[] \OT1/cmr/m/n/12 = [] = [] \OMS/cmsy/m/n/12 ^^Y \OT1/cmr/m/n/12 0\OML/cmm/m/i
t/12 :\OT1/cmr/m/n/12 0542\OML/cmm/m/it/12 hrs \OT1/cmr/m/n/12 = 3\OML/cmm/m/it
/12 :\OT1/cmr/m/n/12 25\OML/cmm/m/it/12 mins
 []


Underfull \hbox (badness 2359) in paragraph at lines 455--455
[]|\OT1/phv/m/n/10.95 Flight Con-troller, GPS Mod-ule,
 []


Overfull \hbox (8.51627pt too wide) in paragraph at lines 450--461
 [][] 
 []


Underfull \hbox (badness 10000) in paragraph at lines 466--467

 []



[14

 <./battery.png (PNG copy)>]
Underfull \hbox (badness 10000) in paragraph at lines 468--469

 []


Underfull \hbox (badness 10000) in paragraph at lines 479--480

 []


Underfull \hbox (badness 10000) in paragraph at lines 494--495

 []


Overfull \hbox (14.5725pt too wide) detected at line 498
[]
 []



[15]
Underfull \hbox (badness 10000) in paragraph at lines 506--507

 []


Underfull \hbox (badness 10000) in paragraph at lines 520--521

 []



[16]
Underfull \hbox (badness 3229) in paragraph at lines 602--602
\OT1/phv/m/n/12 sile strength: 30{45 MPa
 []


Underfull \hbox (badness 7869) in paragraph at lines 602--602
[]|\OT1/phv/m/n/12 Good layer ad-he-sion Re-
 []


Underfull \hbox (badness 10000) in paragraph at lines 602--602
\OT1/phv/m/n/12 quires heated bed and
 []


Underfull \hbox (badness 10000) in paragraph at lines 602--602
\OT1/phv/m/n/12 con-trolled en-vi-ron-ment to
 []


Underfull \hbox (badness 7081) in paragraph at lines 602--602
\OT1/phv/m/n/12 avoid warp-ing Easy post-
 []


Underfull \hbox (badness 10000) in paragraph at lines 602--602
\OT1/phv/m/n/12 processing (e.g., sand-ing,
 []


Underfull \hbox (badness 10000) in paragraph at lines 602--602
[]|\OT1/phv/m/n/12 Ensures durable, smooth,
 []


Underfull \hbox (badness 10000) in paragraph at lines 602--602
\OT1/phv/m/n/12 and aero-dy-namic drone
 []


Underfull \hbox (badness 6125) in paragraph at lines 602--602
\OT1/phv/m/n/12 and small-scale pro-duc-tion
 []


Underfull \hbox (badness 10000) in paragraph at lines 602--602
\OT1/phv/m/n/12 with-out com-pro-mis-ing on
 []


Underfull \hbox (badness 3019) in paragraph at lines 602--602
[]|\OT1/phv/b/n/12 Comparison with Al-ter-na-
 []


Underfull \hbox (badness 10000) in paragraph at lines 602--602
[]|\OT1/phv/b/n/12 PLA: \OT1/phv/m/n/12 Brit-tle, less heat-
 []


Underfull \hbox (badness 4886) in paragraph at lines 602--602
\OT1/phv/m/n/12 ex-pen-sive, harder to print
 []



[17]
<pixhawk.png, id=402, 164.86594pt x 217.5628pt>
File: pixhawk.png Graphic file (type png)
<use pixhawk.png>
Package pdftex.def Info: pixhawk.png  used on input line 612.
(pdftex.def)             Requested size: 146.73235pt x 193.64024pt.

Underfull \hbox (badness 1852) in paragraph at lines 620--621
[]\OT1/phv/b/sl/12 Compatible with au-tonomous and GPS-guided mis-
 []


Overfull \hbox (28.29387pt too wide) in paragraph at lines 622--623
[]\OT1/phv/b/sl/12 Excellent sim-u-la-tion sup-port: \OT1/phv/m/n/12 Com-pat-i-
ble with \OT1/phv/b/n/12 HITL (Hardware-
 []


Overfull \hbox (5.67682pt too wide) in paragraph at lines 622--623
\OT1/phv/b/n/12 in-the-loop) \OT1/phv/m/n/12 and \OT1/phv/b/n/12 SITL (Software
-in-the-loop) \OT1/phv/m/n/12 for con-trol test-
 []


Underfull \hbox (badness 10000) in paragraph at lines 626--627

 []

<jetson.png, id=403, 389.20406pt x 260.47313pt>
File: jetson.png Graphic file (type png)
<use jetson.png>
Package pdftex.def Info: jetson.png  used on input line 630.
(pdftex.def)             Requested size: 224.49805pt x 150.24782pt.

Underfull \hbox (badness 10000) in paragraph at lines 636--637

 []



[18 <./pixhawk.png (PNG copy)> <./jetson.png (PNG copy)>]
Underfull \hbox (badness 10000) in paragraph at lines 639--640

 []


Overfull \hbox (3.89604pt too wide) in paragraph at lines 641--642
[]\OT1/phv/m/n/12 This con-fig-u-ra-tion al-lows the air-craft to func-tion \OT
1/phv/b/n/12 au-tonomously even with-out con-stant ground
 []


Underfull \hbox (badness 10000) in paragraph at lines 641--642

 []

<rpicam.png, id=408, 137.01187pt x 124.96687pt>
File: rpicam.png Graphic file (type png)
<use rpicam.png>
Package pdftex.def Info: rpicam.png  used on input line 649.
(pdftex.def)             Requested size: 146.73235pt x 133.8429pt.
<transmitter.png, id=409, 197.23688pt x 193.47281pt>
File: transmitter.png Graphic file (type png)
<use transmitter.png>
Package pdftex.def Info: transmitter.png  used on input line 667.
(pdftex.def)             Requested size: 195.63817pt x 191.90474pt.


[19 <./rpicam.png (PNG copy)>]
Underfull \hbox (badness 1127) in paragraph at lines 673--674
\OT1/phv/m/n/12 ports many pop-u-lar pro-to-cols: FrSky D8/D16,
 []


Underfull \hbox (badness 4713) in paragraph at lines 674--675
[]\OT1/phv/b/sl/12 ELRS 2.4GHz: Ultra-Responsive & Long-
 []


Underfull \hbox (badness 10000) in paragraph at lines 681--682

 []

<receiver.png, id=415, 221.32687pt x 197.23688pt>
File: receiver.png Graphic file (type png)
<use receiver.png>
Package pdftex.def Info: receiver.png  used on input line 686.
(pdftex.def)             Requested size: 146.73235pt x 130.7696pt.


[20 <./transmitter.png (PNG copy)> <./receiver.png (PNG copy)>]
<vtx.png, id=420, 318.43968pt x 363.60844pt>
File: vtx.png Graphic file (type png)
<use vtx.png>
Package pdftex.def Info: vtx.png  used on input line 698.
(pdftex.def)             Requested size: 146.73235pt x 167.54486pt.
<gps.png, id=421, 139.27031pt x 126.4725pt>
File: gps.png Graphic file (type png)
<use gps.png>
Package pdftex.def Info: gps.png  used on input line 707.
(pdftex.def)             Requested size: 146.73235pt x 133.2516pt.

Underfull \hbox (badness 3049) in paragraph at lines 712--713
\OT1/phv/m/n/12 Bei-Dou), which im-proves satel-lite lock speed and po-si-tion
 []


Underfull \hbox (badness 2080) in paragraph at lines 712--713
\OT1/phv/m/n/12 ac-cu-racy, even in chal-leng-ing en-vi-ron-ments. With an up-
 []


Underfull \hbox (badness 6542) in paragraph at lines 712--713
\OT1/phv/m/n/12 date rate of up to 10 Hz, it de-liv-ers real-time, high-
 []


Underfull \hbox (badness 10000) in paragraph at lines 712--713

 []

<hdmi2rca.png, id=422, 161.85469pt x 153.57375pt>
File: hdmi2rca.png Graphic file (type png)
<use hdmi2rca.png>
Package pdftex.def Info: hdmi2rca.png  used on input line 718.
(pdftex.def)             Requested size: 146.73235pt x 139.2321pt.

Underfull \hbox (badness 2846) in paragraph at lines 722--723
[]\OT1/phv/m/n/12 We're usign this to con-vert the video out-put from Jet-son
 []


Underfull \hbox (badness 4954) in paragraph at lines 722--723
\OT1/phv/m/n/12 Nano to ana-log via a HDMI ca-ble out-put. This sup-
 []


Underfull \hbox (badness 2134) in paragraph at lines 722--723
\OT1/phv/m/n/12 ports 480i/576i out-put (works with ana-log dis-plays or FPV
 []


Underfull \hbox (badness 5490) in paragraph at lines 722--723
\OT1/phv/m/n/12 AV trans-mit-ters). Plug and play, no drivers or con-fig
 []


Underfull \hbox (badness 10000) in paragraph at lines 722--723

 []



[21 <./vtx.png (PNG copy)> <./gps.png (PNG copy)> <./hdmi2rca.png (PNG copy)>]
<2D_schematic.png, id=427, 416.55624pt x 112.42pt>
File: 2D_schematic.png Graphic file (type png)
<use 2D_schematic.png>
Package pdftex.def Info: 2D_schematic.png  used on input line 750.
(pdftex.def)             Requested size: 440.1896pt x 118.8044pt.


[22 <./2D_schematic.png>]

[23]
LaTeX Font Info:    Font shape `OT1/phv/b/n' will be
(Font)              scaled to size 7.59998pt on input line 802.


[24]
Chapter 4.

Underfull \hbox (badness 10000) in paragraph at lines 840--841

 []

<fem.jpeg, id=454, 938.00438pt x 473.51906pt>
File: fem.jpeg Graphic file (type jpg)
<use fem.jpeg>
Package pdftex.def Info: fem.jpeg  used on input line 846.
(pdftex.def)             Requested size: 391.2838pt x 197.5255pt.


[25

 <./fem.jpeg>]
LaTeX Font Info:    Font shape `OT1/phv/b/n' will be
(Font)              scaled to size 19.70294pt on input line 860.
<sora.png, id=462, 380.92313pt x 483.30562pt>
File: sora.png Graphic file (type png)
<use sora.png>
Package pdftex.def Info: sora.png  used on input line 863.
(pdftex.def)             Requested size: 391.2838pt x 496.46817pt.


[26 <./sora.png (PNG copy)>]
Chapter 5.

Underfull \hbox (badness 10000) in paragraph at lines 876--877

 []


Underfull \hbox (badness 10000) in paragraph at lines 878--879

 []

<night.mp4.jpg, id=468, 3047.385pt x 2312.64pt>
File: night.mp4.jpg Graphic file (type jpg)
<use night.mp4.jpg>
Package pdftex.def Info: night.mp4.jpg  used on input line 882.
(pdftex.def)             Requested size: 464.64624pt x 352.59769pt.


[27

 <./night.mp4.jpg>]
<obj.png, id=473, 372.64218pt x 203.25937pt>
File: obj.png Graphic file (type png)
<use obj.png>
Package pdftex.def Info: obj.png  used on input line 924.
(pdftex.def)             Requested size: 195.63817pt x 106.70966pt.


[28]

[29 <./obj.png (PNG copy)>]
Chapter 6.
<test_down.jpg, id=485, 1027.84pt x 1445.4pt>
File: test_down.jpg Graphic file (type jpg)
<use test_down.jpg>
Package pdftex.def Info: test_down.jpg  used on input line 969.
(pdftex.def)             Requested size: 146.73235pt x 206.32452pt.

Package caption Warning: The option `hypcap=true' will be ignored for this
(caption)                particular \caption on input line 970.
See the caption package documentation for explanation.

<sea.mp4.jpg, id=486, 2312.64pt x 3252.15pt>
File: sea.mp4.jpg Graphic file (type jpg)
<use sea.mp4.jpg>
Package pdftex.def Info: sea.mp4.jpg  used on input line 975.
(pdftex.def)             Requested size: 146.73235pt x 206.33554pt.

Package caption Warning: The option `hypcap=true' will be ignored for this
(caption)                particular \caption on input line 976.
See the caption package documentation for explanation.

<road.mp4.jpg, id=487, 2312.64pt x 3252.15pt>
File: road.mp4.jpg Graphic file (type jpg)
<use road.mp4.jpg>
Package pdftex.def Info: road.mp4.jpg  used on input line 981.
(pdftex.def)             Requested size: 146.73235pt x 206.33554pt.

Package caption Warning: The option `hypcap=true' will be ignored for this
(caption)                particular \caption on input line 982.
See the caption package documentation for explanation.


Underfull \hbox (badness 10000) in paragraph at lines 986--987

 []


Underfull \hbox (badness 10000) in paragraph at lines 993--994

 []



[30

 <./test_down.jpg> <./sea.mp4.jpg> <./road.mp4.jpg>]
Chapter 7.


[31

]
Chapter 8.


[32

] (./report.aux)
 ***********
LaTeX2e <2024-11-01> patch level 2
L3 programming layer <2025-01-18>
 ***********


LaTeX Warning: There were undefined references.

Package rerunfilecheck Info: File `report.out' has not changed.
(rerunfilecheck)             Checksum: E0998E70EE883206114C563A5C4F5C21;7343.
 ) 
Here is how much of TeX's memory you used:
 25659 strings out of 475178
 493576 string characters out of 5766539
 899942 words of memory out of 5000000
 48043 multiletter control sequences out of 15000+600000
 589924 words of font info for 97 fonts, out of 8000000 for 9000
 14 hyphenation exceptions out of 8191
 102i,15n,107p,1233b,592s stack positions out of 10000i,1000n,20000p,200000b,200000s
 </home/anirban/.texlive2025/texmf-var/fonts/pk/ljfour/jknappen/ec/tcss1200.6
00pk></usr/share/texlive/texmf-dist/fonts/type1/public/amsfonts/cm/cmbsy10.pfb>
</usr/share/texlive/texmf-dist/fonts/type1/public/amsfonts/cm/cmbx12.pfb></usr/
share/texlive/texmf-dist/fonts/type1/public/amsfonts/cm/cmmi12.pfb></usr/share/
texlive/texmf-dist/fonts/type1/public/amsfonts/cm/cmmi8.pfb></usr/share/texlive
/texmf-dist/fonts/type1/public/amsfonts/cm/cmmib10.pfb></usr/share/texlive/texm
f-dist/fonts/type1/public/amsfonts/cmextra/cmmib8.pfb></usr/share/texlive/texmf
-dist/fonts/type1/public/amsfonts/cm/cmr12.pfb></usr/share/texlive/texmf-dist/f
onts/type1/public/amsfonts/cm/cmr8.pfb></usr/share/texlive/texmf-dist/fonts/typ
e1/public/amsfonts/cm/cmsy10.pfb></usr/share/texlive/texmf-dist/fonts/type1/pub
lic/amsfonts/symbols/msam10.pfb></usr/share/texlive/texmf-dist/fonts/type1/urw/
helvetic/uhvb8a.pfb></usr/share/texlive/texmf-dist/fonts/type1/urw/helvetic/uhv
bo8a.pfb></usr/share/texlive/texmf-dist/fonts/type1/urw/helvetic/uhvr8a.pfb></u
sr/share/texlive/texmf-dist/fonts/type1/urw/helvetic/uhvro8a.pfb>
Output written on report.pdf (32 pages, 5491941 bytes).
PDF statistics:
 602 PDF objects out of 1000 (max. 8388607)
 502 compressed objects within 6 object streams
 159 named destinations out of 1000 (max. 500000)
 462 words of extra memory for PDF output out of 10000 (max. 10000000)

